<?xml version="1.0" encoding="UTF-8"?>
<!-- Generated by org.testng.reporters.JUnitXMLReporter -->
<testsuite ignored="0" hostname="RVSKCH691LT" failures="0" tests="2" name="PerformanceTest by scripting and data driven" time="44.501" errors="0" timestamp="2023-05-18T09:24:14 IST">
  <testcase classname="com.autobots.testcases.DataDrivenTest" name="TC001_performanceTestByLoadingSamplers" time="30.183"/>
  <testcase classname="com.autobots.testcases.DataDrivenTest" name="TC002_performanceTestByRunningJMX" time="14.259"/>
</testsuite> <!-- PerformanceTest by scripting and data driven -->
