<?xml version="1.0" encoding="UTF-8"?>
<testsuite xmlns:xsi="http://www.w3.org/2001/XMLSchema-instance" xsi:noNamespaceSchemaLocation="https://maven.apache.org/surefire/maven-surefire-plugin/xsd/surefire-test-report-3.0.xsd" version="3.0" name="TestSuite" time="45.121" tests="2" errors="0" skipped="0" failures="0">
  <properties>
[...]
</properties>
  <testcase name="TC001_performanceTestByLoadingSamplers" classname="com.autobots.testcases.DataDrivenTest" time="30.181">
    <system-out><![CDATA[JMeter settings are perfect..........
======================================
summary +      1 in 00:00:01 =    1.2/s Avg:   550 Min:   550 Max:   550 Err:     1 (100.00%) Active: 4 Started: 4 Finished: 0
summary +     29 in 00:00:23 =    1.3/s Avg:  7644 Min:   496 Max: 21058 Err:    26 (89.66%) Active: 0 Started: 10 Finished: 10
summary =     30 in 00:00:24 =    1.3/s Avg:  7408 Min:   496 Max: 21058 Err:    27 (90.00%)
JMeter .jmx script is available at C:\Users\sanojs\Documents\autobots-performance\Execution_Reports\JMX\SampleGroup_2023-05-18_09-23-54.jmx
]]></system-out>
    <system-err><![CDATA[SLF4J: Class path contains multiple SLF4J bindings.
SLF4J: Found binding in [jar:file:/C:/Users/sanojs/.m2/repository/org/apache/logging/log4j/log4j-slf4j-impl/2.17.2/log4j-slf4j-impl-2.17.2.jar!/org/slf4j/impl/StaticLoggerBinder.class]
SLF4J: Found binding in [jar:file:/C:/Users/sanojs/.m2/repository/org/slf4j/slf4j-nop/1.7.10/slf4j-nop-1.7.10.jar!/org/slf4j/impl/StaticLoggerBinder.class]
SLF4J: See http://www.slf4j.org/codes.html#multiple_bindings for an explanation.
SLF4J: Actual binding is of type [org.apache.logging.slf4j.Log4jLoggerFactory]
]]></system-err>
  </testcase>
  <testcase name="TC002_performanceTestByRunningJMX" classname="com.autobots.testcases.DataDrivenTest" time="14.138">
    <system-out><![CDATA[JMX file executed and JTL file created in C:\Users\sanojs\Documents\autobots-performance\Execution_Reports\Results\Test_Result_2023-05-18_09-24-00.jtl
Execution completed sucessfully and generated the reports in C:\Users\sanojs\Documents\autobots-performance\Execution_Reports\Results\
]]></system-out>
  </testcase>
</testsuite>